Case #1:
10000000000000000000000000000001 3 4 5 6 7 8 9 10 11
10000000000000000000000000000011 1277 7 9 11 23 3 569 173 3
10000000000000000000000000000101 7 559 3 31 43 3 73 7 3
10000000000000000000000000000111 45 40 17 36 7 40 45 20 11
10000000000000000000000000001001 11 17 3 67 1152846547 9 5 89 3
10000000000000000000000000001101 3 8 5 12 7 8 9 20 11
10000000000000000000000000001111 37 149 197123 7 5 11 859 479 1021
10000000000000000000000000010001 5 67 9 43 4423 15 6197 127 17
10000000000000000000000000010011 3 8 5 12 7 17 9 20 11
10000000000000000000000000010101 29 2 397 8 193 2 11 4 13513
10000000000000000000000000011001 17 472 5 36 7 8 17 17 7
10000000000000000000000000011101 31 5 11 121 5 419 5 121 41
10000000000000000000000000011111 3 4 15 6 7 72 9 10 3
10000000000000000000000000100001 7 13 3 31 43 17 181 7 3
10000000000000000000000000100011 19 2 89 8 17 2 1180877 4 36473
10000000000000000000000000100101 15 40 17 12 7 40 45 20 17
10000000000000000000000000101001 13 2 24989 8 19571 2 59 4 2662067
10000000000000000000000000101011 9 163 19 3 5 151 3 149 1723
10000000000000000000000000101111 5 17 17 2 11 30 5 2 3
10000000000000000000000000110001 3 8 5 708 7 8 9 20 11
10000000000000000000000000110111 3 4 45 6 7 24 9 10 3
10000000000000000000000000111001 5 317 47 23 5 5 83 523 23
10000000000000000000000000111011 17 2 3 2 1297 18 17 17 3
10000000000000000000000000111101 9 4 15 18 7 24 9 10 3
10000000000000000000000001000011 15 40 17 12 7 40 45 20 11
10000000000000000000000001000101 373 2 563 8 10691179 2 139 4 7
10000000000000000000000001000111 709 17 53 293 5 263 2663 137 67
10000000000000000000000001001001 3 8 5 12 7 8 9 20 11
10000000000000000000000001001011 7 7 11 223 5 103 113 7 7
10000000000000000000000001001111 9 4 45 18 7 24 9 10 3
10000000000000000000000001010011 181 29 7 7 5 11 65867307941 11 4559837
10000000000000000000000001010111 5 2 17 2 37 18 11 2 17
10000000000000000000000001011001 7 5 43992547 29 25 104717 11 7 8221
10000000000000000000000001011011 3 4 3 17 17 24 9 2 33
10000000000000000000000001011101 17 2 9 2 71 66 17 289 3
10000000000000000000000001100001 891 8 17 36 11 88 297 4 11
10000000000000000000000001100011 1933 11 1483423 127 5 1013 41 23 19
10000000000000000000000001100111 3 4 3 6 7 24 9 22 33
10000000000000000000000001101011 5 2 17 2 23 6 725 2 3
10000000000000000000000001101101 3 44 3 6 7 72 9 2 33
10000000000000000000000001101111 19 7 1381 41 733 17 7 71 7
10000000000000000000000001110011 9 4 3 18 7 216 81 2 33
10000000000000000000000001110101 7 2 17 2 37 6 5 2 3
10000000000000000000000001110111 11 1093 11 7 53 29 7 1093 239
10000000000000000000000001111001 3 4 297 6 7 24 9 2 33
10000000000000000000000001111101 41 7013 167 17 2617 97 7 83 5887084391
10000000000000000000000001111111 17 8 17 264 7 8 17 17 11
10000000000000000000000010000011 7 2 13 8 593 2 157 4 28031
10000000000000000000000010000101 9 88 5 36 7 8 81 4 11
10000000000000000000000010001001 145 2 2179 8 11 2 167 4 23
10000000000000000000000010001111 359 2 3 2 13 18 71 2 3
10000000000000000000000010010001 3 8 5 12 7 8 9 4 11
10000000000000000000000010010011 5 17 887 53 5 5 239 71 7
10000000000000000000000010010101 19 25 223 19 25 11 5 17 7417
10000000000000000000000010010111 27 4 33 18 11 24 17 2 33
10000000000000000000000010011001 197 11 11 11 17 37 31 11 41
10000000000000000000000010011011 23 2 9 2 521 6 138490739 2 3
10000000000000000000000010011101 15 4 15 6 7 120 3 10 17
10000000000000000000000010100001 17 2 11 16 19 2 599 4 81015785899
10000000000000000000000010100011 3 1429 463 3 5 41 3 541 17
10000000000000000000000010100111 5 10 17 2 37 17 5 2 3
10000000000000000000000010101011 13 8 3 2 349 12 25237 2 3
10000000000000000000000010101101 7 2 3 2 43 6 73 2 3
10000000000000000000000010110001 5 23 701 269 5 5 163 43 19
10000000000000000000000010110011 11197 2 3 2 307 6 11 2 3
10000000000000000000000010110101 3 4 15 6 7 24 3 10 3
10000000000000000000000010110111 2207 7 7 83 67 241 7 17 7
10000000000000000000000010111001 11 2 3 17 28723 6 23 2 3
10000000000000000000000010111011 15 353 571 3 809 5 3 7 22060567
10000000000000000000000010111101 157 5 18143 8131644991 11 17 5 5838353 269
10000000000000000000000010111111 53 2 41 4 743025642547 2 16229 16 3947
10000000000000000000000011000001 3 16 5 12 41 16 3 4 11
10000000000000000000000011000011 29 677 7 4261 5 29 11 29 1751477323787
10000000000000000000000011000111 3 4 3 7 7 12 3 2 3
10000000000000000000000011001011 73 2 57 38 19 6 1789 38 3
10000000000000000000000011001101 3 4 3 6 7 12 3 2 57
10000000000000000000000011001111 55 11 199 2676022103 109 5 7 107 2549
10000000000000000000000011010011 3 4 3 6 7 12 3 2 3
10000000000000000000000011010101 191 7 3 2 173 6 37 2 7
10000000000000000000000011010111 7 11953 13 171207227 13 11 7 7 342253573
10000000000000000000000011011001 15 4 15 6 7 13080 3 10 33
10000000000000000000000011011111 3 8 7 48 7 16 69 440 11
10000000000000000000000011100001 19 1433 149 17 5 7883 947 17 13
10000000000000000000000011100011 5 10 3 2 37 30 5 22 3
10000000000000000000000011100101 7 4 7 6 7 264 759 7 33
10000000000000000000000011101011 327 17 269 3 17 14813 7 5077 443
10000000000000000000000011101101 5 7 5861 253 5483 5 7 23 7
10000000000000000000000011110001 3 4 15 6 7 24 3 10 363
10000000000000000000000011110011 7 139 11 151 132667 13 7 7 449
10000000000000000000000011110111 345 1760 5 24 7 640 15 40 11
10000000000000000000000011111011 11 46 7 7 13 2 1787 16 8101
10000000000000000000000011111101 3 8 5 192 7 16 3 40 11
10000000000000000000000011111111 75037 7 3 37 11 3 41 69627165436663 3
10000000000000000000000100000001 5 13 69 15221 11 15 17 7 69
10000000000000000000000100000011 3 4 5 12 7 4 3 20 11
10000000000000000000000100000101 47 2 383 4 19 2 350429 4 229
10000000000000000000000100000111 229 27941 471267323 1133938703 5 3432135533 157 19 13
10000000000000000000000100001001 3 4 5 12 7 4 3 20 11
10000000000000000000000100001101 101 95 19 41 17 3819353 5 13313753 7
10000000000000000000000100001111 3 4 15 66 7 228 3 10 17
10000000000000000000000100010001 11 10 191 4 89 2 5 4 113
10000000000000000000000100010011 311 47 163 131 5 13 109 647 47
10000000000000000000000100010101 15 11 11 33 5 5 3 11 41
10000000000000000000000100010111 2293 38 3 2 383 6 5749484340869 2 3
10000000000000000000000100011011 3 20 15 6 19 24 75 10 3
10000000000000000000000100011101 7 2 3 2 43 6 11 2 3
10000000000000000000000100011111 5 7 17273329 67 498313679 5 7 7759 7
10000000000000000000000100100001 3 16 5 12 7 16 3 20 11
10000000000000000000000100100011 79 5 113369981 89 5 1697 5 167 29
10000000000000000000000100100101 23 79 67 19085800207 5 53 11 43 4956691
10000000000000000000000100100111 3 4 15 6 7 24 3 10 3
10000000000000000000000100101001 5 257 2711 131 5 5 199 113 359
10000000000000000000000100101011 7 2 3 2 43 6 73 2 3
10000000000000000000000100101101 3 1588 15 6 7 24 3 10 3
10000000000000000000000100110011 15 4 75 6 7 120 3 50 3
10000000000000000000000100110101 439 2 3 2 11 6 491 2 3
10000000000000000000000100111001 3 20 15 6 7 24 15 10 3
10000000000000000000000100111101 5 105499 29 47 41 5 7 101 19
10000000000000000000000100111111 3 8 5 48 29 16 3 40 11
10000000000000000000000101000011 6379 211 11 149 5 22383059 79 17 43
10000000000000000000000101000111 25 50 3 2 37 150 25 2 3
10000000000000000000000101001001 103 5 17569 529 5 17 5 31 8230109
10000000000000000000000101001011 17 17 15 6 401 31 3 10 3
10000000000000000000000101010011 31 31 3 2 29 6 8531281734953 2 3
10000000000000000000000101010101 7 4 3 2 17 12 71 2 3
10000000000000000000000101010111 3 44741 151 3 18022141 4789 3 23 31
10000000000000000000000101011101 9 5 197 3 3389557 41 15 293 5813
10000000000000000000000101100011 3 4 15 6 7 12 9 10 3
10000000000000000000000101100101 5 10 27 2 157 30 5 2 3
10000000000000000000000101101001 3 4 15 6 7 36 163 10 3
10000000000000000000000101101011 2377 7 157 17 13 313 7 10504561 119
10000000000000000000000101101111 135 20 5 36 7 20 135 20 11
10000000000000000000000101110001 7 2 3 2 43 6 29 2 3
10000000000000000000000101110101 3 19 43 27 89 29 3 1093 239
10000000000000000000000101110111 199 2 967 4 11 2 1312584319 8 7
10000000000000000000000101111011 3 8 5 24 7 8 9 40 121
10000000000000000000000101111111 11 13 9 31 43 9 43 11 9
10000000000000000000000110000001 9 8 5 36 17 8 9 20 17
10000000000000000000000110000011 5 41131 172849 353 5 5 7873 227 193
10000000000000000000000110000111 3 4 45 6 7 24 9 10 3
10000000000000000000000110001101 15 4 15 6 7 120 9 10 3
10000000000000000000000110010001 31 121 11 11 5 2801 28561 121 271
10000000000000000000000110010011 9 20 15 18 7 24 45 10 3
10000000000000000000000110010101 11 2 9 2 79 6 23 2 3
10000000000000000000000110010111 5 41 7 89 19 5 7 53003 13
10000000000000000000000110011001 3 4 15 6 7 72 9 10 3
10000000000000000000000110011011 7 23 6043 7 1063 29 7 7 35157907826831
10000000000000000000000110011111 57 8 95 24 11 8 9 40 11
10000000000000000000000110100001 5 19 19 1783 5 55 14879 29 7
10000000000000000000000110100011 97 22 9 2 23 6 59 2 3
10000000000000000000000110100101 81 4 15 18 7 216 27 110 8679
10000000000000000000000110101001 7 2 3 2 43 114 73 2 3
10000000000000000000000110101111 23 2 7211 4 53 2 17183 17 19
10000000000000000000000110110001 17 20 45 6 7 12 45 10 3
10000000000000000000000110110111 9 4 5 36 7 4 9 20 11
10000000000000000000000110111001 467 83 89 7099719413 4618069 10834973 7 19 1483
10000000000000000000000110111101 3 4 5 12 7 4 9 20 11
10000000000000000000000111000001 11 5 13 43 5 29 5 23 19
10000000000000000000000111000011 3 4 15 6 7 36 9 10 3
10000000000000000000000111000101 41 2 3 2 43 6 73 2 3
10000000000000000000000111000111 977 11 29 761 11 131 7 397 17
10000000000000000000000111001001 45 4 45 18 7 60 9 10 3
10000000000000000000000111001111 3 4 5 12 7 17 9 20 7
10000000000000000000000111010001 43 2 3 2 11 18 1064303831 2 3
10000000000000000000000111010011 17 19 13 61 59 5 7 7 2069
10000000000000000000000111010101 3 5 19 3 29 2515968509 15 16561 23
10000000000000000000000111011011 27 16 5 72 7 16 27 40 11
10000000000000000000000111011111 1051 5 3 17 1237 3 5 83 81
10000000000000000000000111100001 3 4 15 6 7 24 9 10 3
10000000000000000000000111100101 29 53 13 11 17 21787 7 1823 19423
10000000000000000000000111100111 15 1520 5 24 7 80 45 40 11
10000000000000000000000111101001 3019 5 11 29 1817502473 5059 5 43 7
10000000000000000000000111101011 19 2 13 4 13163 2 23 16 41
10000000000000000000000111101101 9 8 5 144 7 16 9 40 11
10000000000000000000000111101111 7 13 171 19 19 171 17 19 9
10000000000000000000000111110011 3 8 5 912 7 16 9 40 19
10000000000000000000000111110101 17 2 29 4 1979 2 113 16 119
10000000000000000000000111111001 3 16 5 24 19 16 9 40 173
10000000000000000000000111111101 7 5 9 31 43 171 5 7 9
10000000000000000000000111111111 9 4 5 18 5 8 9 10 11
10000000000000000000001000000011 11 2 409 8 191 2 1966628094427 4 2539
10000000000000000000001000000101 15 20 17 12 17 20 15 20 11
10000000000000000000001000001001 8849 2 7 4 19427 2 11 4 17
10000000000000000000001000001011 3 17 131 3 1045 30043748821 17 7 43
10000000000000000000001000001101 193 11 11 17 5 17 1271 11 41
10000000000000000000001000001111 5 10 17 2 37 30 5 2 3
10000000000000000000001000010001 57 17 55 12 7 4 57 20 209
10000000000000000000001000010101 37 43891 23 281 5 26701 349 19 2185215679
10000000000000000000001000010111 17 4 15 6 7 12 3 110 33
10000000000000000000001000011011 6421 2 3 22 269 6 7333 2 3
10000000000000000000001000011101 3 4 15 6 7 12 3 10 33
10000000000000000000001000100011 15 31 1097 3 5 17 3 53 31
10000000000000000000001000100111 7 2 3 2 43 114 73 38 17
10000000000000000000001000101001 3 7 13 3 17 23 57 37 7
10000000000000000000001000101101 5 10 17 139 37 330 5 2 3
10000000000000000000001000101111 33 131 1009 3 13 1525192728623 7 76249 379
10000000000000000000001000110001 13 5 265662937 83 25 4127381 5 27944235563 2631712469409613
10000000000000000000001000110011 1949 2 3 2 197 6 229 2 3
10000000000000000000001000110101 7 7 7 7 7 456 57 7 7
10000000000000000000001000110111 95 17 19 11 17 5 7 34273 128081543
10000000000000000000001000111001 17 2 3 2 557 17 17 17 3
10000000000000000000001000111011 3 7 13 7 31 43 7 11 7
10000000000000000000001001000001 15 440 119 12 7 80 15 380 11
10000000000000000000001001000011 7 7 227 809 305 89 43 7 7
10000000000000000000001001000111 3 4 915 6 7 24 3 10 33
10000000000000000000001001001011 5 10 17 2 449 30 55 2 3
10000000000000000000001001001101 3 76 15 6 7 24 3 10 33
10000000000000000000001001010001 7 509 290137 2467 5 1657 179 7 631
10000000000000000000001001010011 3 4 15 6 7 24 3 10 33
10000000000000000000001001010101 5 10 17 2 19 30 5 22 3
10000000000000000000001001010111 71 19 11927527 613 4249438069 17 7 3931 4223
10000000000000000000001001011001 3 7 285 7 7 24 57 10 7
10000000000000000000001001011011 17 13 31 1546837 293 37 7 43 53
10000000000000000000001001011101 19 17 7 29 11 8353 7 6569 31
10000000000000000000001001011111 7 160 17 24 7 640 15 7 209
10000000000000000000001001100101 3 4 15 6 7 17 3 10 33
10000000000000000000001001100111 23 7 11 97 11 1342181 7 37 7
10000000000000000000001001101001 5 2 33 2 149 6 5 2 3
10000000000000000000001001101011 3 161753 7 3 8707 1231 7 457 29
10000000000000000000001001110001 33 4 3 6 7 132 33 2 33
10000000000000000000001001110011 25 1093 43 19 467 5 7 547 1063
10000000000000000000001001110111 3 4 5 12 7 4 3 4 11
10000000000000000000001001111011 7 2 2467 4 3821 2 733 7 157
10000000000000000000001001111101 3 7 5 313 7 4 3 4 7
10000000000000000000001001111111 13 11 3 17 5261 3 120779 222991 3
10000000000000000000001010000001 73 2 1999 4 149 22 41 4 149
10000000000000000000001010000011 3 19 7 3 5 11551 3 530713 19
10000000000000000000001010000101 89 59 463 7 25 197 29 59 1033
10000000000000000000001010000111 11 2 33 2 19 6 5 2 3
10000000000000000000001010001001 7 11 11 33 5 13 3 7 41
10000000000000000000001010001011 2579 4 3 7 15137 12 317 2 3
10000000000000000000001010001101 59 7 3 2 211 6 11 2 7
10000000000000000000001010010101 3 4 3 6 7 12 3 2 33
10000000000000000000001010011001 13 2 3 2 11 6 765827 2 3
10000000000000000000001010011011 3 79 137350597 3 17 5 7 13 59
10000000000000000000001010011101 11 95 1019 173 22501 23 7 163 23
10000000000000000000001010011111 17 7 7 4 3389 2 1283 4 7
10000000000000000000001010100001 3 9643 73 3 5 307 3 5876116040177 29
10000000000000000000001010100011 37369 16 57 2 11 36 29 2 3
10000000000000000000001010100101 5 10 17 22 37 570 5 2 3
10000000000000000000001010100111 3 41 149 3 59 11 3 11 23
10000000000000000000001010101001 19 8 9 2 7537877329 12 601 2 3
10000000000000000000001010101111 5 20 17 16 37 20 5 8 101
10000000000000000000001010110011 99 5 269 759 72047 23 15 7 181
10000000000000000000001010110101 307 997 11 383 43049 20183 7 17 829
10000000000000000000001010110111 233 2 193 4 211 2 17 32 182443
10000000000000000000001010111001 15 7 29 3 169 5 57 73 7
10000000000000000000001010111011 41 4 7 17 3359 44 3769 8 1628779
10000000000000000000001011000011 115 10 17 2 37 330 17 2 3
10000000000000000000001011000101 9 4 495 18 7 24 9 10 759
10000000000000000000001011000111 31 263 2269 199 199 349 7 29 197
10000000000000000000001011001001 11 2 3 2 691 18 131 2 3
10000000000000000000001011010001 3 4 15 6 7 24 207 17 33
10000000000000000000001011010011 43 7 107 1097 103 4561 11 19 7
10000000000000000000001011010111 45 80 17 72 7 160 45 40 11
10000000000000000000001011011011 47 2 11 4 11 17 6101 16 47
10000000000000000000001011011101 3 8 5 912 7 16 9 920 11
10000000000000000000001011100001 5 190 17 2 37 30 5 2 3
10000000000000000000001011100111 13 22 23 4 23 2 97 8 19
10000000000000000000001011101001 3 6173 7 3 19 17 7 1051682071351 1049
10000000000000000000001011101011 7 4 17 88 37 4 5 8 7
10000000000000000000001011101101 8713 2 9003233 4 13 2 916469 8 16547148641557
10000000000000000000001011101111 3 627559 3 3 1861 3 69 337 149
10000000000000000000001011110011 149 2 7 4 59333 2 311 8 5273
10000000000000000000001011110101 165 40 5 24 11 10120 165 40 11
10000000000000000000001011111001 7 2 1530791929 4 41 2 3397 8 20897
10000000000000000000001011111011 3 11 3 3 2521 3 3 83 3
10000000000000000000001011111111 5 10 17 2 5 10 5 2 101
10000000000000000000001100000001 3 16 5 12 7 16 9 20 11
10000000000000000000001100000101 17 121 11 11 5 23 31 121 17
10000000000000000000001100000111 3 4 15 6 11 24 9 10 33
10000000000000000000001100001011 11 2 6759 2 53 6 479 2 3
10000000000000000000001100001101 9 4 15 54 7 72 27 10 363
10000000000000000000001100010011 15 4 15 66 7 360 99 10 33
10000000000000000000001100010101 7 2 3 2 43 66 43 2 3
10000000000000000000001100011001 3 220 45 6 7 24 45 10 33
10000000000000000000001100011011 61 73 11 53 13 13 119 6481 313
10000000000000000000001100011101 5 224669 449 19 131927 5 29 103 709
10000000000000000000001100011111 9 8 5 72 349 8 9 40 11
10000000000000000000001100100001 11 5 37 14543 5 131 5 126037 151
10000000000000000000001100100011 7 2 33 2 43 6 73 2 3
10000000000000000000001100100101 3 4 45 6 131 24 9 59 33
10000000000000000000001100100111 5 5031833 61 7 38093477 5 7 191 32911
10000000000000000000001100101011 3 55 2027 9 109 11 15 19 1769777
10000000000000000000001100101111 373 2 883 4 19 2 787489 8 7
10000000000000000000001100110001 45 4 15 18 7 120 9 10 33
10000000000000000000001100110011 877 124906073 349 17 223 1213 7 11 79
10000000000000000000001100110111 33 8 5 24 7 8 9 40 11
10000000000000000000001100111001 47 139 23 11 61 8623 7 265494228989159 109
10000000000000000000001100111011 265 2 47 4 11290501 10 29 16 1869737
10000000000000000000001100111101 3 8 5 48 7 16 3 40 11
10000000000000000000001100111111 7 5 3 31 43 3 5 7 3
10000000000000000000001101000001 551 229 347 17627 5 311 7057 17 3919
10000000000000000000001101000011 31 4 15 6 7 24 3 10 3
10000000000000000000001101000101 5 10 3 2 37 30 5 2 3
10000000000000000000001101000111 271 359 478139 17 6146159 245471 7 2803 13
10000000000000000000001101001001 3 4 15 6 119 24 3 10 3
10000000000000000000001101001111 15 80 5 24 7 160 15 40 11
10000000000000000000001101010001 69821 2 3 2 107 6 41 2 3
10000000000000000000001101010101 3 127 7901 3 433 31 3 587 199
10000000000000000000001101010111 55201 2 11 4 17 2 401 16 179
10000000000000000000001101011001 5 82559759 7 1913 29 5 7 29 163
10000000000000000000001101011011 3 8 5 48 7 16 3 40 11
10000000000000000000001101011101 359 31 73 4 2394109 2 461 32 211730688480127
10000000000000000000001101011111 41 7 3 29 59 3 17 37 3
10000000000000000000001101100001 3 4 15 6 7 12 3 10 3
10000000000000000000001101100011 5 7 103 151 503 5 7 17 7
10000000000000000000001101100111 3 4 5 12 7 4 3 20 11
10000000000000000000001101101001 7 11 33827 149 89 4891 7 7 1847423
10000000000000000000001101101011 401 2 1789 4 297617 2 31 4 177917
10000000000000000000001101101101 15 20 5 12 7 20 15 20 11
10000000000000000000001101110001 127 5 43 33311 13 29 5 11 5039
10000000000000000000001101110011 3 4 5 12 7 4 3 20 11
10000000000000000000001101110101 4877 2 23 4 337 2 919 4 31
10000000000000000000001101110111 5 11 3 31 23 15 319 7 3
10000000000000000000001101111001 3 4 5 12 31 4 3 20 7
10000000000000000000001101111011 667 5 3 1877189 17 3 5 5695143491 9
10000000000000000000001101111111 3 4 5 6 5 8 2411 10 253
10000000000000000000001110000001 5 121 11 7 5 5 31 121 41
10000000000000000000001110000011 13 2 3 2 17 18 97 2 3
10000000000000000000001110000101 3 4 15 6 7 24 9 10 3
10000000000000000000001110001011 45 62627 167 3 23 5 3 42835972873 116245674241
10000000000000000000001110001111 11 2 20981 4 4967 2 487 4 10957
10000000000000000000001110010001 3 20 349 6 7 12 15 10 3
10000000000000000000001110010111 3 4 5 12 7 4 3 20 11
10000000000000000000001110011011 79 10 23 4 397 2 5 4 7
10000000000000000000001110011101 3 4 5 12 7 4 3 20 11
10000000000000000000001110100001 7 2 3 2 43 6 11 2 3
10000000000000000000001110100011 3 5 41 3 673 2819 15 1051 54449
10000000000000000000001110100111 25031 2 686485573 4 151 2 22225417 4 13
10000000000000000000001110101011 457 4 691 4 11 4 4463 4 1531
10000000000000000000001110101101 197 2 2729 4 47 2 53 4 7
10000000000000000000001110101111 3 19 3 3 43 3 3 7 3
10000000000000000000001110110101 3 4 5 12 7 4 3 20 11
10000000000000000000001110110111 349 5 3 7 601 3 5 4051 3
10000000000000000000001110111011 3 24247 3 3 81411731593 3 3 2203 3
10000000000000000000001110111101 7 17 7 23 559 15 73 7 3
10000000000000000000001110111111 31 7 11 2 5 2 31 2 7
10000000000000000000001111000001 3 4 15 6 7 24 3 10 3
10000000000000000000001111000111 15 7 5 24 7 200 15 40 7
10000000000000000000001111001011 7 2 1062343 4 15313 2 2729 7 13
10000000000000000000001111001101 3 8 5 24 7 8 3 40 11
10000000000000000000001111001111 31379 17 3 981493 41 3 1007 3049 3
10000000000000000000001111010011 3 8 7 24 7 8 3 200 11
10000000000000000000001111010101 43 2 97 7 6067 2 503 8 251
10000000000000000000001111010111 23 21787 3 11 11 3 71 4008190550933 3
10000000000000000000001111011001 7 16 5 24 7 16 3 7 17
10000000000000000000001111011011 5 101 3 7 251815147469 45 11 4549 9
10000000000000000000001111011101 28603 7 3 37 5515143173 3 5 21701 7
10000000000000000000001111011111 3 4 5 6 7 4 9 31 11
10000000000000000000001111100011 9941 2 13 44 79 2 11 4 23
10000000000000000000001111100101 45 20 17 36 7 100 45 820 11
10000000000000000000001111100111 7 31 7 31 17 171 73 7 9
10000000000000000000001111101001 89 2 19 17 137 2 4507567703 4 67
10000000000000000000001111101111 5 10 17 2 16145 50 5 82 227
10000000000000000000001111110001 3 4 5 12 7 17 9 20 11
10000000000000000000001111110101 7 13 7 31 43 171 73 7 9
10000000000000000000001111110111 9 4 5 18 7 4 9 190 17
10000000000000000000001111111001 5 19 3 47 383 15 3319 1201 9
10000000000000000000001111111011 2543 2 317 2 5 2 43 2 31
10000000000000000000001111111101 31 44 31 66 7 44 31 550 451
10000000000000000000010000000001 71 59 9 17 191 3 1789 11 3
10000000000000000000010000000011 7 100 17 492 7 100 9225 7 11
10000000000000000000010000000101 23 2 11 4 451 2 141425657 4 5978031439
10000000000000000000010000001001 9 7 5 7 7 44 89 31 7
10000000000000000000010000001111 3 44 15 6 7 36 99 10 33
10000000000000000000010000010101 3 7 13 3 5 43 3 73 89
10000000000000000000010000010111 5 10 3 2 37 30 5 2 3
10000000000000000000010000011011 3 4 15 6 7 24 87 10 3
10000000000000000000010000011101 149 2 3 2 13 174 3701 2 3
10000000000000000000010000011111 7 37 193073 197 11 23 119 7 1402627839439063
10000000000000000000010000100001 15 40 5 12 7 80 45 20 11
10000000000000000000010000100011 5869 359 11 23 5 18124666163 24918503 311 76221914995147
10000000000000000000010000100111 3 4 45 6 7 12 9 10 3
10000000000000000000010000101001 29 11 19 1579 5 41 211 11551 19
10000000000000000000010000101011 5 190 3 2 37 90 5 2 3
10000000000000000000010000101101 7 7 7 7 7 228 1539 7 7
10000000000000000000010000110011 3 4 15 6 7 12 9 10 3
10000000000000000000010000110101 5 10 9 2 37 30 5 2 3
10000000000000000000010000110111 17 11 7 79 13 79 7 317 23
10000000000000000000010000111001 3 4 15 6 7 36 9 10 3
10000000000000000000010000111111 45 7 5 7 7 20 2565 20 7
10000000000000000000010001000001 67 38 61 4 47413790603 2 26757673 4 14347
10000000000000000000010001000011 163 253 7 7 5 37 77569 269 17
10000000000000000000010001000111 509 7 3 2 11 18 307853701537 22 3
10000000000000000000010001001001 5 87517 3186451 97 5 5 599 7 335753113
10000000000000000000010001001011 3 4 3 6 7 132 3 2 33
10000000000000000000010001001101 571 22 3 2 9397 6 379 2 3
10000000000000000000010001010001 3 71 7 3 11 257 3 4943 257
10000000000000000000010001010011 5 2 3 2 37 6 265 2 3
10000000000000000000010001010101 11 4 3 2 1861 12 23 2 3
10000000000000000000010001010111 3 2220671 11 3 29 378389971 3 7 113
10000000000000000000010001011001 17 2 33 2 29 6 17 2 3
10000000000000000000010001011101 3 7 19 3 31 5 3 73 19
10000000000000000000010001100001 23 7 11 1890300761 5 589349 347 43 7
10000000000000000000010001100011 9 4 15 18 7 72 9 10 3
10000000000000000000010001100101 7 2 3 2 43 6 73 2 3
10000000000000000000010001101001 3 4 45 6 7 24 9 10 3
10000000000000000000010001101111 3 8 5 48 1043 16 9 40 121
10000000000000000000010001110001 5 10 3 2 37 90 5 2 3
10000000000000000000010001110011 7 7 71 17 139 11 7 7 7
10000000000000000000010001110101 9 11 578401 3 59 277 3 4093 59
10000000000000000000010001111011 15 80 5 24 7 80 45 40 11
10000000000000000000010001111111 347 791387 3 613 79 3 13139299 25943 9
10000000000000000000010010000001 3 16 5 12 7 16 9 20 19
10000000000000000000010010000111 9 4 15 18 1043 24 9 10 3
10000000000000000000010010001101 3 20 15 6 7 72 7785 10 3
10000000000000000000010010010011 3 4 15 6 7 72 9 10 3
10000000000000000000010010010111 19 17 47 26069784863 452737091 467 11 11 173
10000000000000000000010010011001 45 4 45 18 7 120 99 10 33
10000000000000000000010010011011 89 5 227 17 677 17 5 317 61
10000000000000000000010010011111 3 8 5 384 7 16 369 40 11
10000000000000000000010010100001 13 378593 43609 11 5 10007 11 659 383
10000000000000000000010010100011 5 10 3 2 37 30 5 82 123
10000000000000000000010010100101 3 4 45 6 7 24 9 10 33
10000000000000000000010010101001 6673 2 3 2 11 18 29 2 3
10000000000000000000010010101101 55 167 3257 563 13 5 17 71 1399
10000000000000000000010010110001 3 4 15 6 7 24 9 10 33
10000000000000000000010010110101 907 1699 7 37 108988823 11 7 2142449 107
10000000000000000000010010110111 15 80 5 24 11 160 45 1640 11
10000000000000000000010010111101 9 88 5 144 7 16 9 40 11
10000000000000000000010010111111 17 2543 99 5197 283 9 37 1627 9
10000000000000000000010011000001 5 31 7 7 5 5 345811 71 103
10000000000000000000010011000011 33 4 45 6 7 24 9 110 33
10000000000000000000010011001001 3 220 15 6 7 24 45 10 33
10000000000000000000010011001011 5 7 598393493 677 213541543 5 7 29 7
10000000000000000000010011001111 9 32 55 72 7 704 9 40 11
10000000000000000000010011010001 277 2 9 2 349 66 61 2 3
10000000000000000000010011010011 113 1249747 451 7 17 168958150321 7 3503 127
10000000000000000000010011010101 7 271 313 3 11 5 7 7 665501
10000000000000000000010011011011 3 4 5 12 7 4 3 20 11
10000000000000000000010011011101 541 10 7 4 216304623163 2 5 128 311
10000000000000000000010011011111 5 233 3 4994369 269 15 3041 9347977486283 3
10000000000000000000010011100001 3 4 15 6 7 24 3 10 3
10000000000000000000010011100101 58199 5 89 119 590907929 479 5 61 19
10000000000000000000010011100111 3 8 5 48 7 16 3 40 11
10000000000000000000010011101001 5 29 71 79 227233 5 7 11173 30747889
10000000000000000000010011101101 3 16 5 24 7 16 9 40 11
10000000000000000000010011101111 11 5 3 3313 17 3 5 1665479 9
10000000000000000000010011110001 7 11 19 46589 23 587371 7 7 7
10000000000000000000010011110011 45 80 5 72 7 80 45 40 11
10000000000000000000010011110101 31 2 101 4 19 2 18105307890563 16 47
10000000000000000000010011111001 3 8 5 48 7 16 3 8 11
10000000000000000000010011111111 3 4 59 6 5 8 3 2 11
10000000000000000000010100000111 5 2 3 38 37 6 17 2 3
10000000000000000000010100001011 3 4 3 6 7 24 3 2 3
10000000000000000000010100001101 7 2 3 2 11 114 73 2 57
10000000000000000000010100001111 47 19 11 211 19 3037 7 149 7
10000000000000000000010100010001 3 7 13 3 5 5 57 73 7
10000000000000000000010100010111 3 313 7 3 41 11 3 10099 590929
10000000000000000000010100011001 23 2 3 2 19 6 101 2 3
10000000000000000000010100100011 3 4 45 6 7 12 9 10 3
10000000000000000000010100100101 5 10 3 2 37 450 5 2 101
10000000000000000000010100100111 251 47 31118953 167 1319 28933 7 29 57917
10000000000000000000010100101001 9 4 15 18 7 12 9 10 69
10000000000000000000010100101101 43 29 109 23 61 29 7 11 8390397898783
10000000000000000000010100101111 15 80 5 24 7 160 15 40 11
10000000000000000000010100110001 11 2 3 2 13 6 31 2 3
10000000000000000000010100110101 3 7 13 7 31 37 7 139 7
10000000000000000000010100110111 7 2 21613 4 157 2 97 7 269
10000000000000000000010100111011 3 7 5 7 7 16 3 40 7
10000000000000000000010100111101 13 2 11 4 5591 2 11 128 11257
10000000000000000000010101000001 3 131 67 3 5 11 3 101 5441
10000000000000000000010101000011 5 7 3 2 37 30 5 2 7
10000000000000000000010101000101 7 8 7 2 43 12 73 7 3
10000000000000000000010101000111 3 967 157 3 17 199 7 1549 151
10000000000000000000010101001011 29 83 223 124343 27058103 47 7 65551 13187
10000000000000000000010101001101 15 1789 1331 3 373 5 7 109 4759
10000000000000000000010101001111 191 2 23 7 15389 2 1039 16 41
10000000000000000000010101010001 59 32 3 2 15401 12 11 2 3
10000000000000000000010101010011 7 919 73 3 92449859209 479967391 7 7 149
10000000000000000000010101010101 19 31 5 19 1033 59 7 5 9043
10000000000000000000010101010111 5 20 17 4 13 20 5 4 101
10000000000000000000010101011001 3 7 13 7 31 43 7 19 7
10000000000000000000010101011011 73 2 7 4 29 2 31 4 17
10000000000000000000010101011101 11 4 355027 4 357161951 4 487 4 127
10000000000000000000010101100001 7 10 7 31 43 30 5 7 3
10000000000000000000010101100011 239 29 101 7 11 17 7 11 163
10000000000000000000010101100111 353 7 5849 4 41 2 131 4 7
10000000000000000000010101101011 15 20 5 12 7 20 45 20 11
10000000000000000000010101101101 47 2 31 4 307 2 101 4 420573296707309
10000000000000000000010101101111 7 13 3 17 43 3 73 7 3
10000000000000000000010101110001 3 4709417 23 69 119159 12781 3 37 2221
10000000000000000000010101110011 11 2 50128607 4 457 2 157 8 23
10000000000000000000010101110101 115 20 17 8 53 20 5 88 101
10000000000000000000010101110111 3 19 177 3 44257 3 3 863 3
10000000000000000000010101111001 144973 2 114156943 4 76463 46 233 8 83
10000000000000000000010101111011 19 18287 3 19 13 33 101 461 3
10000000000000000000010101111101 3 7 3 33 17 3 3 7 3
10000000000000000000010101111111 5 10 17 2 5 10 55 2 101
10000000000000000000010110000011 3 44 15 6 7 24 3 10 33
10000000000000000000010110000101 29 2 3 2 17 6 97 22 3
10000000000000000000010110001001 165 4 15 6 7 120 3 10 33
10000000000000000000010110001011 119 5 11 23 11 11 5 7 29
10000000000000000000010110001101 37 11 8741 29 149 13907 7 293 7
10000000000000000000010110001111 3 8 5 24 7 8 3 40 11
10000000000000000000010110010101 3 5 7 3 19 13 15 317 953
10000000000000000000010110011011 3 8 5 24 7 8 3 920 253
10000000000000000000010110100001 3 4 15 6 7 24 3 10 3
10000000000000000000010110100011 23 7 7 19 4099 73 7 263 7
