Case #1:
1000000000000001 33 4 5 6 1111 8 3 10 11
1000000000000101 13 11 3 4751 173 3 53 109 3
1000000000000111 3 40 5 12 7 80 15 20 419
1000000000001001 73 5 3 59 19 3 5 19 3
1000000000001101 7 16 5 12 59 16 59 20 11
1000000000010011 9 64 5 12 7 16 3 20 11
1000000000011001 3 8 5 12 7 16 3 20 29
1000000000011011 7 1567 15559 6197 5 5 1031 7 83
1000000000011111 3 4 15 6 7 24 3 10 3
1000000000100101 15 40 5 12 7 80 15 20 1111
1000000000101011 3 7 13 3 5 43 3 73 7
1000000000101111 5 10 3 2 37 30 5 2 3
1000000000110001 3 16 5 12 7 16 3 20 11
1000000000110101 23 17 11 23 5 299699 43 239 59
1000000000110111 9 4 435 6 7 24 3 10 3
1000000000111011 17 2 3 58 1297 6 17 2 3
1000000000111101 3 4 15 6 7 24 3 10 3
1000000001000011 3 40 5 12 1111 80 15 20 1111
1000000001001001 369 32 5 12 7 16 3 20 59
1000000001001111 3 4 15 6 7 24 3 10 3
1000000001010101 3 7 13 3 145 17 3 53 7
1000000001010111 5 10 3 2 37 30 59 2 3
1000000001011001 11 5 769 101 5 67 5 13 19
1000000001011011 9 4 15 6 119 696 3 10 3
1000000001011101 17 2 87 2 1297 6 11 2 3
1000000001011111 59 113 7 157 19 1399 7 43 127
1000000001100001 7 40 5 12 7 80 15 20 1111
1000000001100011 23 19 11 105491 5 89 11117 2129 127
1000000001100111 3 149 15 6 7 24 3 10 3
1000000001101011 5 10 3 2 37 30 5 2 3
1000000001101101 3 4 15 6 7 24 87 290 3
1000000001110011 3 4 15 6 7 24 3 10 3
1000000001110101 5 10 3 2 37 30 5 2 87
1000000001111001 3 4 15 6 7 24 3 10 3
1000000001111011 31 557 7 19 53 1129 7 5441 241
1000000001111101 7 19 43 17 55987 29 7 7 31
1000000001111111 9 80 5 24 7 80 15 40 1111
1000000010000011 197 2 11 16 58427 2 23 4 839
1000000010000101 33 256 5 12 1111 464 3 20 11
1000000010001001 5 2 7 8 1933 10 29 4 157
1000000010010001 3 8 5 12 7 16 3 20 11
1000000010010111 3 4 15 6 7 24 3 10 3
1000000010011001 7 1667 179 13 5 11 23 7 311
1000000010011011 11 2 3 2 19 6 101 58 3
1000000010011101 6585 4 15 6 7 120 3 10 3
1000000010100011 9 1259 421 3 5 8893 3 67 17
1000000010100111 5 10 3 2 37 30 5 2 3
1000000010101001 3 5 13 3 5 6751 15 73 7
1000000010110011 47 2 3 2 11 6 204311 2 59
1000000010110101 7 4 15 6 7 24 3 10 3
